<?xml version="1.0" encoding="UTF-8"?>
<!-- Generated by org.testng.reporters.JUnitReportReporter -->
<testsuite skipped="0" hostname="sparsh1604" name="testScripts.HealthInsurance" tests="1" failures="0" timestamp="15 Nov 2017 16:48:33 GMT" time="14.994" errors="0">
  <testcase name="HealthInsuranceScript" time="14.994" classname="testScripts.HealthInsurance"/>
</testsuite> <!-- testScripts.HealthInsurance -->
