<?xml version="1.0" encoding="UTF-8"?>
<!-- Generated by org.testng.reporters.JUnitReportReporter -->
<testsuite skipped="0" hostname="sparsh1604" name="testScripts.Sample" tests="1" failures="0" timestamp="15 Nov 2017 05:42:48 GMT" time="79.171" errors="0">
  <testcase name="policyWording" time="79.171" classname="testScripts.Sample"/>
</testsuite> <!-- testScripts.Sample -->
