<?xml version="1.0" encoding="UTF-8"?>
<!-- Generated by org.testng.reporters.JUnitReportReporter -->
<testsuite skipped="0" hostname="sparsh1604" name="testScripts.Sample" tests="1" failures="0" timestamp="14 Nov 2017 16:05:10 GMT" time="47.911" errors="0">
  <testcase name="policyWording" time="47.911" classname="testScripts.Sample"/>
</testsuite> <!-- testScripts.Sample -->
