<?xml version="1.0" encoding="UTF-8"?>
<!-- Generated by org.testng.reporters.JUnitReportReporter -->
<testsuite skipped="0" hostname="sparsh1604" name="testScripts.ViewQuote" tests="1" failures="0" timestamp="14 Nov 2017 02:38:02 GMT" time="20.302" errors="0">
  <testcase name="ViewQuote" time="20.302" classname="testScripts.ViewQuote"/>
</testsuite> <!-- testScripts.ViewQuote -->
