<?xml version="1.0" encoding="UTF-8"?>
<!-- Generated by org.testng.reporters.JUnitReportReporter -->
<testsuite hostname="sparsh1604" name="testScripts.Sample" tests="1" failures="0" timestamp="14 Nov 2017 16:44:27 GMT" time="58.327" errors="0">
  <testcase name="policyWording" time="58.327" classname="testScripts.Sample"/>
</testsuite> <!-- testScripts.Sample -->
